> Task :compileJava UP-TO-DATE
> Task :processResources UP-TO-DATE
> Task :classes UP-TO-DATE
> Task :resolveMainClassName

> Task :bootRun

  .   ____          _            __ _ _
 /\\ / ___'_ __ _ _(_)_ __  __ _ \ \ \ \
( ( )\___ | '_ | '_| | '_ \/ _` | \ \ \ \
 \\/  ___)| |_)| | | | | || (_| |  ) ) ) )
  '  |____| .__|_| |_|_| |_\__, | / / / /
 =========|_|==============|___/=/_/_/_/
 :: Spring Boot ::                (v3.2.1)

2026-03-31T17:34:50.727+09:00  INFO 12664 --- [  restartedMain] com.mysite.sbb.A2CApplication            : Starting A2CApplication using Java 17.0.18 with PID 12664 (C:\sbb\build\classes\java\main started by KH in C:\sbb)
2026-03-31T17:34:50.729+09:00  INFO 12664 --- [  restartedMain] com.mysite.sbb.A2CApplication            : No active profile set, falling back to 1 default profile: "default"
2026-03-31T17:34:50.894+09:00  INFO 12664 --- [  restartedMain] .e.DevToolsPropertyDefaultsPostProcessor : Devtools property defaults active! Set 'spring.devtools.add-properties' to 'false' to disable
2026-03-31T17:34:50.895+09:00  INFO 12664 --- [  restartedMain] .e.DevToolsPropertyDefaultsPostProcessor : For additional web related logging consider setting the 'logging.level.web' property to 'DEBUG'
2026-03-31T17:34:51.364+09:00  INFO 12664 --- [  restartedMain] .s.d.r.c.RepositoryConfigurationDelegate : Bootstrapping Spring Data JPA repositories in DEFAULT mode.
2026-03-31T17:34:51.409+09:00  INFO 12664 --- [  restartedMain] .s.d.r.c.RepositoryConfigurationDelegate : Finished Spring Data repository scanning in 40 ms. Found 3 JPA repository interfaces.
2026-03-31T17:34:51.856+09:00  INFO 12664 --- [  restartedMain] o.s.b.w.embedded.tomcat.TomcatWebServer  : Tomcat initialized with port 8087 (http)
2026-03-31T17:34:51.865+09:00  INFO 12664 --- [  restartedMain] o.apache.catalina.core.StandardService   : Starting service [Tomcat]
2026-03-31T17:34:51.866+09:00  INFO 12664 --- [  restartedMain] o.apache.catalina.core.StandardEngine    : Starting Servlet engine: [Apache Tomcat/10.1.17]
2026-03-31T17:34:51.902+09:00  INFO 12664 --- [  restartedMain] o.a.c.c.C.[Tomcat].[localhost].[/]       : Initializing Spring embedded WebApplicationContext
2026-03-31T17:34:51.903+09:00  INFO 12664 --- [  restartedMain] w.s.c.ServletWebServerApplicationContext : Root WebApplicationContext: initialization completed in 1007 ms
2026-03-31T17:34:51.924+09:00  INFO 12664 --- [  restartedMain] com.zaxxer.hikari.HikariDataSource       : HikariPool-1 - Starting...
2026-03-31T17:34:51.995+09:00  INFO 12664 --- [  restartedMain] com.zaxxer.hikari.pool.HikariPool        : HikariPool-1 - Added connection conn0: url=jdbc:h2:file:./data/local user=SA
2026-03-31T17:34:51.996+09:00  INFO 12664 --- [  restartedMain] com.zaxxer.hikari.HikariDataSource       : HikariPool-1 - Start completed.
2026-03-31T17:34:52.003+09:00  INFO 12664 --- [  restartedMain] o.s.b.a.h2.H2ConsoleAutoConfiguration    : H2 console available at '/h2-console'. Database available at 'jdbc:h2:file:./data/local'
2026-03-31T17:34:52.091+09:00  INFO 12664 --- [  restartedMain] o.hibernate.jpa.internal.util.LogHelper  : HHH000204: Processing PersistenceUnitInfo [name: default]
2026-03-31T17:34:52.133+09:00  INFO 12664 --- [  restartedMain] org.hibernate.Version                    : HHH000412: Hibernate ORM core version 6.4.1.Final
2026-03-31T17:34:52.156+09:00  INFO 12664 --- [  restartedMain] o.h.c.internal.RegionFactoryInitiator    : HHH000026: Second-level cache disabled
2026-03-31T17:34:52.309+09:00  INFO 12664 --- [  restartedMain] o.s.o.j.p.SpringPersistenceUnitInfo      : No LoadTimeWeaver setup: ignoring JPA class transformer
2026-03-31T17:34:52.338+09:00  WARN 12664 --- [  restartedMain] org.hibernate.orm.deprecation            : HHH90000025: H2Dialect does not need to be specified explicitly using 'hibernate.dialect' (remove the property setting and it will be selected by default)
2026-03-31T17:34:53.016+09:00  INFO 12664 --- [  restartedMain] o.h.e.t.j.p.i.JtaPlatformInitiator       : HHH000489: No JTA platform available (set 'hibernate.transaction.jta.platform' to enable JTA platform integration)
2026-03-31T17:34:53.053+09:00  INFO 12664 --- [  restartedMain] j.LocalContainerEntityManagerFactoryBean : Initialized JPA EntityManagerFactory for persistence unit 'default'
2026-03-31T17:34:53.226+09:00  INFO 12664 --- [  restartedMain] o.s.d.j.r.query.QueryEnhancerFactory     : Hibernate is in classpath; If applicable, HQL parser will be used.
2026-03-31T17:34:53.625+09:00  WARN 12664 --- [  restartedMain] JpaBaseConfiguration$JpaWebConfiguration : spring.jpa.open-in-view is enabled by default. Therefore, database queries may be performed during view rendering. Explicitly configure spring.jpa.open-in-view to disable this warning
2026-03-31T17:34:53.848+09:00  INFO 12664 --- [  restartedMain] o.s.s.web.DefaultSecurityFilterChain     : Will secure any request with [org.springframework.security.web.session.DisableEncodeUrlFilter@7498387d, org.springframework.security.web.context.request.async.WebAsyncManagerIntegrationFilter@3c3ab2f8, org.springframework.security.web.context.SecurityContextHolderFilter@571533e5, org.springframework.security.web.header.HeaderWriterFilter@fb52d52, org.springframework.web.filter.CorsFilter@73a1d6a6, org.springframework.security.web.csrf.CsrfFilter@acdd4e6, org.springframework.security.web.authentication.logout.LogoutFilter@33d17daa, org.springframework.security.web.authentication.UsernamePasswordAuthenticationFilter@38f8d745, org.springframework.security.web.savedrequest.RequestCacheAwareFilter@41081ffa, org.springframework.security.web.servletapi.SecurityContextHolderAwareRequestFilter@7167c440, org.springframework.security.web.authentication.AnonymousAuthenticationFilter@27455c1f, org.springframework.security.web.access.ExceptionTranslationFilter@37b84a60, org.springframework.security.web.access.intercept.AuthorizationFilter@4b3bebbe]
2026-03-31T17:34:54.060+09:00  WARN 12664 --- [  restartedMain] o.s.b.d.a.OptionalLiveReloadServer       : Unable to start LiveReload server
2026-03-31T17:34:54.083+09:00  INFO 12664 --- [  restartedMain] o.s.b.w.embedded.tomcat.TomcatWebServer  : Tomcat started on port 8087 (http) with context path ''
2026-03-31T17:34:54.090+09:00  INFO 12664 --- [  restartedMain] com.mysite.sbb.A2CApplication            : Started A2CApplication in 3.589 seconds (process running for 3.867)
Hibernate: 
    update
        question 
    set
        category=? 
    where
        category is null
2026-03-31T17:34:54.538+09:00  INFO 12664 --- [nio-8087-exec-1] o.a.c.c.C.[Tomcat].[localhost].[/]       : Initializing Spring DispatcherServlet 'dispatcherServlet'
2026-03-31T17:34:54.538+09:00  INFO 12664 --- [nio-8087-exec-1] o.s.web.servlet.DispatcherServlet        : Initializing Servlet 'dispatcherServlet'
2026-03-31T17:34:54.539+09:00  INFO 12664 --- [nio-8087-exec-1] o.s.web.servlet.DispatcherServlet        : Completed initialization in 1 ms
Hibernate: 
    select
        bp1_0.id,
        bp1_0.author_id,
        bp1_0.category,
        bp1_0.content,
        bp1_0.create_date,
        bp1_0.modify_date,
        bp1_0.subject,
        bp1_0.view_count 
    from
        question bp1_0 
    where
        bp1_0.category=? 
    order by
        bp1_0.create_date desc 
    offset
        ? rows 
    fetch
        first ? rows only
Hibernate: 
    select
        su1_0.id,
        su1_0.email,
        su1_0.password,
        su1_0.username 
    from
        site_user su1_0 
    where
        su1_0.id=?
Hibernate: 
    select
        count(bc1_0.id) 
    from
        answer bc1_0 
    where
        bc1_0.question_id=?
Hibernate: 
    select
        bp1_0.id,
        bp1_0.author_id,
        bp1_0.category,
        bp1_0.content,
        bp1_0.create_date,
        bp1_0.modify_date,
        bp1_0.subject,
        bp1_0.view_count 
    from
        question bp1_0 
    where
        bp1_0.category=? 
    order by
        bp1_0.create_date desc 
    offset
        ? rows 
    fetch
        first ? rows only
Hibernate: 
    select
        bp1_0.id,
        bp1_0.author_id,
        bp1_0.category,
        bp1_0.content,
        bp1_0.create_date,
        bp1_0.modify_date,
        bp1_0.subject,
        bp1_0.view_count 
    from
        question bp1_0 
    where
        bp1_0.category=? 
    order by
        bp1_0.create_date desc 
    offset
        ? rows 
    fetch
        first ? rows only
Hibernate: 
    select
        bp1_0.id,
        bp1_0.author_id,
        bp1_0.category,
        bp1_0.content,
        bp1_0.create_date,
        bp1_0.modify_date,
        bp1_0.subject,
        bp1_0.view_count 
    from
        question bp1_0 
    where
        bp1_0.category=? 
    order by
        bp1_0.create_date desc 
    offset
        ? rows 
    fetch
        first ? rows only
Hibernate: 
    select
        bp1_0.id,
        bp1_0.author_id,
        bp1_0.category,
        bp1_0.content,
        bp1_0.create_date,
        bp1_0.modify_date,
        bp1_0.subject,
        bp1_0.view_count 
    from
        question bp1_0 
    where
        bp1_0.category=? 
    order by
        bp1_0.view_count desc,
        bp1_0.create_date desc
2026-03-31T17:36:13.062+09:00  INFO 12664 --- [   File Watcher] rtingClassPathChangeChangedEventListener : Restarting due to 2 class path changes (0 additions, 2 deletions, 0 modifications)
2026-03-31T17:36:13.073+09:00  INFO 12664 --- [       Thread-1] j.LocalContainerEntityManagerFactoryBean : Closing JPA EntityManagerFactory for persistence unit 'default'
2026-03-31T17:36:13.076+09:00  INFO 12664 --- [       Thread-1] com.zaxxer.hikari.HikariDataSource       : HikariPool-1 - Shutdown initiated...
2026-03-31T17:36:13.081+09:00  INFO 12664 --- [       Thread-1] com.zaxxer.hikari.HikariDataSource       : HikariPool-1 - Shutdown completed.

  .   ____          _            __ _ _
 /\\ / ___'_ __ _ _(_)_ __  __ _ \ \ \ \
( ( )\___ | '_ | '_| | '_ \/ _` | \ \ \ \
 \\/  ___)| |_)| | | | | || (_| |  ) ) ) )
  '  |____| .__|_| |_|_| |_\__, | / / / /
 =========|_|==============|___/=/_/_/_/
 :: Spring Boot ::                (v3.2.1)

2026-03-31T17:36:13.141+09:00  INFO 12664 --- [  restartedMain] com.mysite.sbb.A2CApplication            : Starting A2CApplication using Java 17.0.18 with PID 12664 (C:\sbb\build\classes\java\main started by KH in C:\sbb)
2026-03-31T17:36:13.142+09:00  INFO 12664 --- [  restartedMain] com.mysite.sbb.A2CApplication            : No active profile set, falling back to 1 default profile: "default"
2026-03-31T17:36:13.361+09:00  INFO 12664 --- [  restartedMain] .s.d.r.c.RepositoryConfigurationDelegate : Bootstrapping Spring Data JPA repositories in DEFAULT mode.
2026-03-31T17:36:13.373+09:00  INFO 12664 --- [  restartedMain] .s.d.r.c.RepositoryConfigurationDelegate : Finished Spring Data repository scanning in 12 ms. Found 3 JPA repository interfaces.
2026-03-31T17:36:13.476+09:00  INFO 12664 --- [  restartedMain] o.s.b.w.embedded.tomcat.TomcatWebServer  : Tomcat initialized with port 8087 (http)
2026-03-31T17:36:13.477+09:00  INFO 12664 --- [  restartedMain] o.apache.catalina.core.StandardService   : Starting service [Tomcat]
2026-03-31T17:36:13.477+09:00  INFO 12664 --- [  restartedMain] o.apache.catalina.core.StandardEngine    : Starting Servlet engine: [Apache Tomcat/10.1.17]
2026-03-31T17:36:13.491+09:00  INFO 12664 --- [  restartedMain] o.a.c.c.C.[Tomcat].[localhost].[/]       : Initializing Spring embedded WebApplicationContext
2026-03-31T17:36:13.491+09:00  INFO 12664 --- [  restartedMain] w.s.c.ServletWebServerApplicationContext : Root WebApplicationContext: initialization completed in 347 ms
2026-03-31T17:36:13.504+09:00  INFO 12664 --- [  restartedMain] com.zaxxer.hikari.HikariDataSource       : HikariPool-2 - Starting...
2026-03-31T17:36:13.511+09:00  INFO 12664 --- [  restartedMain] com.zaxxer.hikari.pool.HikariPool        : HikariPool-2 - Added connection conn10: url=jdbc:h2:file:./data/local user=SA
2026-03-31T17:36:13.511+09:00  INFO 12664 --- [  restartedMain] com.zaxxer.hikari.HikariDataSource       : HikariPool-2 - Start completed.
2026-03-31T17:36:13.511+09:00  INFO 12664 --- [  restartedMain] o.s.b.a.h2.H2ConsoleAutoConfiguration    : H2 console available at '/h2-console'. Database available at 'jdbc:h2:file:./data/local'
2026-03-31T17:36:13.545+09:00  INFO 12664 --- [  restartedMain] o.hibernate.jpa.internal.util.LogHelper  : HHH000204: Processing PersistenceUnitInfo [name: default]
2026-03-31T17:36:13.547+09:00  INFO 12664 --- [  restartedMain] o.h.c.internal.RegionFactoryInitiator    : HHH000026: Second-level cache disabled
2026-03-31T17:36:13.550+09:00  INFO 12664 --- [  restartedMain] o.s.o.j.p.SpringPersistenceUnitInfo      : No LoadTimeWeaver setup: ignoring JPA class transformer
2026-03-31T17:36:13.551+09:00  WARN 12664 --- [  restartedMain] org.hibernate.orm.deprecation            : HHH90000025: H2Dialect does not need to be specified explicitly using 'hibernate.dialect' (remove the property setting and it will be selected by default)
2026-03-31T17:36:13.601+09:00  INFO 12664 --- [  restartedMain] o.h.e.t.j.p.i.JtaPlatformInitiator       : HHH000489: No JTA platform available (set 'hibernate.transaction.jta.platform' to enable JTA platform integration)
2026-03-31T17:36:13.607+09:00  INFO 12664 --- [  restartedMain] j.LocalContainerEntityManagerFactoryBean : Initialized JPA EntityManagerFactory for persistence unit 'default'
2026-03-31T17:36:13.734+09:00  WARN 12664 --- [  restartedMain] JpaBaseConfiguration$JpaWebConfiguration : spring.jpa.open-in-view is enabled by default. Therefore, database queries may be performed during view rendering. Explicitly configure spring.jpa.open-in-view to disable this warning
2026-03-31T17:36:13.817+09:00  INFO 12664 --- [  restartedMain] o.s.s.web.DefaultSecurityFilterChain     : Will secure any request with [org.springframework.security.web.session.DisableEncodeUrlFilter@791dabe4, org.springframework.security.web.context.request.async.WebAsyncManagerIntegrationFilter@56fe7c35, org.springframework.security.web.context.SecurityContextHolderFilter@7041fec7, org.springframework.security.web.header.HeaderWriterFilter@260755ba, org.springframework.web.filter.CorsFilter@3e3a118e, org.springframework.security.web.csrf.CsrfFilter@5382f3d7, org.springframework.security.web.authentication.logout.LogoutFilter@2bb5bd7c, org.springframework.security.web.authentication.UsernamePasswordAuthenticationFilter@7fc5b73d, org.springframework.security.web.savedrequest.RequestCacheAwareFilter@3419a753, org.springframework.security.web.servletapi.SecurityContextHolderAwareRequestFilter@484bf0c4, org.springframework.security.web.authentication.AnonymousAuthenticationFilter@6c94352b, org.springframework.security.web.access.ExceptionTranslationFilter@7191a7eb, org.springframework.security.web.access.intercept.AuthorizationFilter@4535a33f]
2026-03-31T17:36:13.887+09:00  WARN 12664 --- [  restartedMain] o.s.b.d.a.OptionalLiveReloadServer       : Unable to start LiveReload server
2026-03-31T17:36:13.894+09:00  INFO 12664 --- [  restartedMain] o.s.b.w.embedded.tomcat.TomcatWebServer  : Tomcat started on port 8087 (http) with context path ''
2026-03-31T17:36:13.897+09:00  INFO 12664 --- [  restartedMain] com.mysite.sbb.A2CApplication            : Started A2CApplication in 0.774 seconds (process running for 83.674)
Hibernate: 
    update
        question 
    set
        category=? 
    where
        category is null
2026-03-31T17:36:13.903+09:00  INFO 12664 --- [  restartedMain] .ConditionEvaluationDeltaLoggingListener : Condition evaluation unchanged
2026-03-31T17:36:15.307+09:00  INFO 12664 --- [   File Watcher] rtingClassPathChangeChangedEventListener : Restarting due to 2 class path changes (2 additions, 0 deletions, 0 modifications)
2026-03-31T17:36:15.313+09:00  INFO 12664 --- [       Thread-5] j.LocalContainerEntityManagerFactoryBean : Closing JPA EntityManagerFactory for persistence unit 'default'
2026-03-31T17:36:15.313+09:00  INFO 12664 --- [       Thread-5] com.zaxxer.hikari.HikariDataSource       : HikariPool-2 - Shutdown initiated...
2026-03-31T17:36:15.316+09:00  INFO 12664 --- [       Thread-5] com.zaxxer.hikari.HikariDataSource       : HikariPool-2 - Shutdown completed.

  .   ____          _            __ _ _
 /\\ / ___'_ __ _ _(_)_ __  __ _ \ \ \ \
( ( )\___ | '_ | '_| | '_ \/ _` | \ \ \ \
 \\/  ___)| |_)| | | | | || (_| |  ) ) ) )
  '  |____| .__|_| |_|_| |_\__, | / / / /
 =========|_|==============|___/=/_/_/_/
 :: Spring Boot ::                (v3.2.1)

2026-03-31T17:36:15.373+09:00  INFO 12664 --- [  restartedMain] com.mysite.sbb.A2CApplication            : Starting A2CApplication using Java 17.0.18 with PID 12664 (C:\sbb\build\classes\java\main started by KH in C:\sbb)
2026-03-31T17:36:15.374+09:00  INFO 12664 --- [  restartedMain] com.mysite.sbb.A2CApplication            : No active profile set, falling back to 1 default profile: "default"
2026-03-31T17:36:15.514+09:00  INFO 12664 --- [  restartedMain] .s.d.r.c.RepositoryConfigurationDelegate : Bootstrapping Spring Data JPA repositories in DEFAULT mode.
2026-03-31T17:36:15.524+09:00  INFO 12664 --- [  restartedMain] .s.d.r.c.RepositoryConfigurationDelegate : Finished Spring Data repository scanning in 9 ms. Found 3 JPA repository interfaces.
2026-03-31T17:36:15.605+09:00  INFO 12664 --- [  restartedMain] o.s.b.w.embedded.tomcat.TomcatWebServer  : Tomcat initialized with port 8087 (http)
2026-03-31T17:36:15.606+09:00  INFO 12664 --- [  restartedMain] o.apache.catalina.core.StandardService   : Starting service [Tomcat]
2026-03-31T17:36:15.606+09:00  INFO 12664 --- [  restartedMain] o.apache.catalina.core.StandardEngine    : Starting Servlet engine: [Apache Tomcat/10.1.17]
2026-03-31T17:36:15.617+09:00  INFO 12664 --- [  restartedMain] o.a.c.c.C.[Tomcat].[localhost].[/]       : Initializing Spring embedded WebApplicationContext
2026-03-31T17:36:15.617+09:00  INFO 12664 --- [  restartedMain] w.s.c.ServletWebServerApplicationContext : Root WebApplicationContext: initialization completed in 241 ms
2026-03-31T17:36:15.627+09:00  INFO 12664 --- [  restartedMain] com.zaxxer.hikari.HikariDataSource       : HikariPool-3 - Starting...
2026-03-31T17:36:15.633+09:00  INFO 12664 --- [  restartedMain] com.zaxxer.hikari.pool.HikariPool        : HikariPool-3 - Added connection conn20: url=jdbc:h2:file:./data/local user=SA
2026-03-31T17:36:15.633+09:00  INFO 12664 --- [  restartedMain] com.zaxxer.hikari.HikariDataSource       : HikariPool-3 - Start completed.
2026-03-31T17:36:15.633+09:00  INFO 12664 --- [  restartedMain] o.s.b.a.h2.H2ConsoleAutoConfiguration    : H2 console available at '/h2-console'. Database available at 'jdbc:h2:file:./data/local'
2026-03-31T17:36:15.658+09:00  INFO 12664 --- [  restartedMain] o.hibernate.jpa.internal.util.LogHelper  : HHH000204: Processing PersistenceUnitInfo [name: default]
2026-03-31T17:36:15.660+09:00  INFO 12664 --- [  restartedMain] o.h.c.internal.RegionFactoryInitiator    : HHH000026: Second-level cache disabled
2026-03-31T17:36:15.663+09:00  INFO 12664 --- [  restartedMain] o.s.o.j.p.SpringPersistenceUnitInfo      : No LoadTimeWeaver setup: ignoring JPA class transformer
2026-03-31T17:36:15.664+09:00  WARN 12664 --- [  restartedMain] org.hibernate.orm.deprecation            : HHH90000025: H2Dialect does not need to be specified explicitly using 'hibernate.dialect' (remove the property setting and it will be selected by default)
2026-03-31T17:36:15.712+09:00  INFO 12664 --- [  restartedMain] o.h.e.t.j.p.i.JtaPlatformInitiator       : HHH000489: No JTA platform available (set 'hibernate.transaction.jta.platform' to enable JTA platform integration)
2026-03-31T17:36:15.718+09:00  INFO 12664 --- [  restartedMain] j.LocalContainerEntityManagerFactoryBean : Initialized JPA EntityManagerFactory for persistence unit 'default'
2026-03-31T17:36:15.840+09:00  WARN 12664 --- [  restartedMain] JpaBaseConfiguration$JpaWebConfiguration : spring.jpa.open-in-view is enabled by default. Therefore, database queries may be performed during view rendering. Explicitly configure spring.jpa.open-in-view to disable this warning
2026-03-31T17:36:15.925+09:00  INFO 12664 --- [  restartedMain] o.s.s.web.DefaultSecurityFilterChain     : Will secure any request with [org.springframework.security.web.session.DisableEncodeUrlFilter@31c21284, org.springframework.security.web.context.request.async.WebAsyncManagerIntegrationFilter@1376f18c, org.springframework.security.web.context.SecurityContextHolderFilter@3d28d247, org.springframework.security.web.header.HeaderWriterFilter@43e9273d, org.springframework.web.filter.CorsFilter@42532d9a, org.springframework.security.web.csrf.CsrfFilter@590ed8ce, org.springframework.security.web.authentication.logout.LogoutFilter@2ec0988a, org.springframework.security.web.authentication.UsernamePasswordAuthenticationFilter@1becddbb, org.springframework.security.web.savedrequest.RequestCacheAwareFilter@12cfb584, org.springframework.security.web.servletapi.SecurityContextHolderAwareRequestFilter@5f5bc69e, org.springframework.security.web.authentication.AnonymousAuthenticationFilter@3f2f216e, org.springframework.security.web.access.ExceptionTranslationFilter@1eda706b, org.springframework.security.web.access.intercept.AuthorizationFilter@40a23ad2]
2026-03-31T17:36:15.989+09:00  WARN 12664 --- [  restartedMain] o.s.b.d.a.OptionalLiveReloadServer       : Unable to start LiveReload server
2026-03-31T17:36:15.996+09:00  INFO 12664 --- [  restartedMain] o.s.b.w.embedded.tomcat.TomcatWebServer  : Tomcat started on port 8087 (http) with context path ''
2026-03-31T17:36:15.999+09:00  INFO 12664 --- [  restartedMain] com.mysite.sbb.A2CApplication            : Started A2CApplication in 0.641 seconds (process running for 85.776)
Hibernate: 
    update
        question 
    set
        category=? 
    where
        category is null
2026-03-31T17:36:16.004+09:00  INFO 12664 --- [  restartedMain] .ConditionEvaluationDeltaLoggingListener : Condition evaluation unchanged
